<?xml version="1.0" encoding="UTF-8"?>
<!-- Generated by org.testng.reporters.JUnitReportReporter -->
<testsuite hostname="DESKTOP-JS97KSS" failures="0" tests="1" name="tests.StoresInfoTest" time="6.083" errors="0" timestamp="2024-09-28T16:03:05 IST" skipped="0">
  <testcase classname="tests.StoresInfoTest" name="StoresInfo" time="6.083"/>
</testsuite> <!-- tests.StoresInfoTest -->
